0 verbose cli D:\Node.js\node.exe D:\Node.js\node_modules\npm\bin\npm-cli.js
1 info using npm@11.6.2
2 info using node@v24.12.0
3 silly config load:file:D:\Node.js\node_modules\npm\npmrc
4 silly config load:file:D:\wzf\data-visualization-platform\frontend\.npmrc
5 silly config load:file:C:\Users\lenovo\.npmrc
6 silly config load:file:D:\Node.js\node_global\etc\npmrc
7 verbose title npm install
8 verbose argv "install"
9 verbose logfile logs-max:10 dir:D:\wzf\data-visualization-platform\frontend\npm-cache\_logs\2026-06-08T08_02_35_409Z-
10 verbose logfile D:\wzf\data-visualization-platform\frontend\npm-cache\_logs\2026-06-08T08_02_35_409Z-debug-0.log
11 silly logfile start cleaning logs, removing 1 files
12 silly packumentCache heap:4496293888 maxSize:1124073472 maxEntrySize:562036736
13 silly logfile done cleaning log files
14 silly idealTree buildDeps
15 silly fetch manifest chokidar@^3.5.2
16 silly packumentCache full:https://registry.npmjs.org/chokidar cache-miss
17 http fetch GET 200 https://registry.npmjs.org/chokidar 2119ms (cache revalidated)
18 silly packumentCache full:https://registry.npmjs.org/chokidar set size:255902 disposed:false
19 silly placeDep ROOT chokidar@3.6.0 REPLACE for: @angular-devkit/core@18.2.21 want: ^3.5.2
20 silly fetch manifest readdirp@~3.6.0
21 silly packumentCache full:https://registry.npmjs.org/readdirp cache-miss
22 silly fetch manifest glob-parent@~5.1.2
23 silly packumentCache full:https://registry.npmjs.org/glob-parent cache-miss
24 http fetch GET 200 https://registry.npmjs.org/glob-parent 276ms (cache revalidated)
25 silly packumentCache full:https://registry.npmjs.org/glob-parent set size:42445 disposed:false
26 http fetch GET 200 https://registry.npmjs.org/readdirp 2231ms (cache revalidated)
27 silly packumentCache full:https://registry.npmjs.org/readdirp set size:107589 disposed:false
28 silly fetch manifest chokidar@^4.0.0
29 silly packumentCache full:https://registry.npmjs.org/chokidar cache-hit
30 silly placeDep node_modules/@angular/compiler-cli chokidar@4.0.3 OK for: @angular/compiler-cli@18.2.14 want: ^4.0.0
31 silly fetch manifest readdirp@^4.0.1
32 silly packumentCache full:https://registry.npmjs.org/readdirp cache-hit
33 silly placeDep node_modules/chokidar glob-parent@5.1.2 OK for: chokidar@3.6.0 want: ~5.1.2
34 silly placeDep ROOT readdirp@3.6.0 OK for: chokidar@3.6.0 want: ~3.6.0
35 silly fetch manifest picomatch@^2.2.1
36 silly packumentCache full:https://registry.npmjs.org/picomatch cache-miss
37 http fetch GET 200 https://registry.npmjs.org/picomatch 273ms (cache revalidated)
38 silly packumentCache full:https://registry.npmjs.org/picomatch set size:126376 disposed:false
39 silly placeDep node_modules/readdirp picomatch@2.3.2 OK for: readdirp@3.6.0 want: ^2.2.1
40 silly placeDep node_modules/@angular/compiler-cli readdirp@4.1.2 OK for: chokidar@4.0.3 want: ^4.0.1
41 silly reify mark retired [
41 silly reify   'D:\\wzf\\data-visualization-platform\\frontend\\node_modules\\chokidar'
41 silly reify ]
42 silly reify mark retired [
42 silly reify   'D:\\wzf\\data-visualization-platform\\frontend\\node_modules\\readdirp'
42 silly reify ]
43 silly reify mark retired [
43 silly reify   'D:\\wzf\\data-visualization-platform\\frontend\\node_modules\\sass\\node_modules\\chokidar'
43 silly reify ]
44 silly reify mark retired [
44 silly reify   'D:\\wzf\\data-visualization-platform\\frontend\\node_modules\\sass\\node_modules\\glob-parent'
44 silly reify ]
45 silly reify mark retired [
45 silly reify   'D:\\wzf\\data-visualization-platform\\frontend\\node_modules\\sass\\node_modules\\picomatch'
45 silly reify ]
46 silly reify mark retired [
46 silly reify   'D:\\wzf\\data-visualization-platform\\frontend\\node_modules\\sass\\node_modules\\readdirp'
46 silly reify ]
47 silly reify mark retired [
47 silly reify   'D:\\wzf\\data-visualization-platform\\frontend\\node_modules\\webpack-dev-server\\node_modules\\chokidar'
47 silly reify ]
48 silly reify mark retired [
48 silly reify   'D:\\wzf\\data-visualization-platform\\frontend\\node_modules\\webpack-dev-server\\node_modules\\glob-parent'
48 silly reify ]
49 silly reify mark retired [
49 silly reify   'D:\\wzf\\data-visualization-platform\\frontend\\node_modules\\webpack-dev-server\\node_modules\\picomatch'
49 silly reify ]
50 silly reify mark retired [
50 silly reify   'D:\\wzf\\data-visualization-platform\\frontend\\node_modules\\webpack-dev-server\\node_modules\\readdirp'
50 silly reify ]
51 silly reify moves {
51 silly reify   'D:\\wzf\\data-visualization-platform\\frontend\\node_modules\\chokidar': 'D:\\wzf\\data-visualization-platform\\frontend\\node_modules\\.chokidar-UupFYC0G',
51 silly reify   'D:\\wzf\\data-visualization-platform\\frontend\\node_modules\\readdirp': 'D:\\wzf\\data-visualization-platform\\frontend\\node_modules\\.readdirp-1ueVUrjA',
51 silly reify   'D:\\wzf\\data-visualization-platform\\frontend\\node_modules\\sass\\node_modules\\chokidar': 'D:\\wzf\\data-visualization-platform\\frontend\\node_modules\\sass\\node_modules\\.chokidar-hu9k9A8N',
51 silly reify   'D:\\wzf\\data-visualization-platform\\frontend\\node_modules\\sass\\node_modules\\glob-parent': 'D:\\wzf\\data-visualization-platform\\frontend\\node_modules\\sass\\node_modules\\.glob-parent-T5p690Jm',
51 silly reify   'D:\\wzf\\data-visualization-platform\\frontend\\node_modules\\sass\\node_modules\\picomatch': 'D:\\wzf\\data-visualization-platform\\frontend\\node_modules\\sass\\node_modules\\.picomatch-I1qbrW3u',
51 silly reify   'D:\\wzf\\data-visualization-platform\\frontend\\node_modules\\sass\\node_modules\\readdirp': 'D:\\wzf\\data-visualization-platform\\frontend\\node_modules\\sass\\node_modules\\.readdirp-uTLxRmiK',
51 silly reify   'D:\\wzf\\data-visualization-platform\\frontend\\node_modules\\webpack-dev-server\\node_modules\\chokidar': 'D:\\wzf\\data-visualization-platform\\frontend\\node_modules\\webpack-dev-server\\node_modules\\.chokidar-v5Vu3QwG',
51 silly reify   'D:\\wzf\\data-visualization-platform\\frontend\\node_modules\\webpack-dev-server\\node_modules\\glob-parent': 'D:\\wzf\\data-visualization-platform\\frontend\\node_modules\\webpack-dev-server\\node_modules\\.glob-parent-QAw9msPm',
51 silly reify   'D:\\wzf\\data-visualization-platform\\frontend\\node_modules\\webpack-dev-server\\node_modules\\picomatch': 'D:\\wzf\\data-visualization-platform\\frontend\\node_modules\\webpack-dev-server\\node_modules\\.picomatch-MxpEvRmZ',
51 silly reify   'D:\\wzf\\data-visualization-platform\\frontend\\node_modules\\webpack-dev-server\\node_modules\\readdirp': 'D:\\wzf\\data-visualization-platform\\frontend\\node_modules\\webpack-dev-server\\node_modules\\.readdirp-f7hokfss'
51 silly reify }
52 silly audit bulk request {
52 silly audit   '@ampproject/remapping': [ '2.3.0' ],
52 silly audit   '@angular-devkit/architect': [ '0.1802.21' ],
52 silly audit   rxjs: [ '7.8.1', '7.8.2' ],
52 silly audit   '@angular-devkit/build-angular': [ '18.2.21' ],
52 silly audit   tslib: [ '2.6.3', '2.3.0', '2.8.1' ],
52 silly audit   '@angular-devkit/build-webpack': [ '0.1802.21' ],
52 silly audit   '@angular-devkit/core': [ '18.2.21' ],
52 silly audit   '@angular-devkit/schematics': [ '18.2.21' ],
52 silly audit   '@angular/animations': [ '18.2.14' ],
52 silly audit   '@angular/build': [ '18.2.21' ],
52 silly audit   '@babel/core': [ '7.25.2', '7.26.10' ],
52 silly audit   semver: [ '6.3.1', '5.7.2', '7.6.3' ],
52 silly audit   '@babel/helper-annotate-as-pure': [ '7.24.7', '7.25.9', '7.29.7' ],
52 silly audit   'convert-source-map': [ '2.0.0', '1.9.0' ],
52 silly audit   '@angular/cli': [ '18.2.21' ],
52 silly audit   '@angular/common': [ '18.2.14' ],
52 silly audit   '@angular/compiler': [ '18.2.14' ],
52 silly audit   '@angular/compiler-cli': [ '18.2.14' ],
52 silly audit   '@angular/core': [ '18.2.14' ],
52 silly audit   '@angular/forms': [ '18.2.14' ],
52 silly audit   '@angular/platform-browser': [ '18.2.14' ],
52 silly audit   '@angular/platform-browser-dynamic': [ '18.2.14' ],
52 silly audit   '@angular/router': [ '18.2.14' ],
52 silly audit   '@babel/code-frame': [ '7.29.7' ],
52 silly audit   '@babel/compat-data': [ '7.29.7' ],
52 silly audit   '@babel/generator': [ '7.26.10', '7.29.7' ],
52 silly audit   '@babel/helper-compilation-targets': [ '7.29.7' ],
52 silly audit   '@babel/helper-create-class-features-plugin': [ '7.29.7' ],
52 silly audit   '@babel/helper-create-regexp-features-plugin': [ '7.29.7' ],
52 silly audit   '@babel/helper-define-polyfill-provider': [ '0.6.8' ],
52 silly audit   resolve: [ '1.22.12', '1.22.8' ],
52 silly audit   '@babel/helper-globals': [ '7.29.7' ],
52 silly audit   '@babel/helper-member-expression-to-functions': [ '7.29.7' ],
52 silly audit   '@babel/helper-module-imports': [ '7.29.7' ],
52 silly audit   '@babel/helper-module-transforms': [ '7.29.7' ],
52 silly audit   '@babel/helper-optimise-call-expression': [ '7.29.7' ],
52 silly audit   '@babel/helper-plugin-utils': [ '7.29.7' ],
52 silly audit   '@babel/helper-remap-async-to-generator': [ '7.29.7' ],
52 silly audit   '@babel/helper-replace-supers': [ '7.29.7' ],
52 silly audit   '@babel/helper-skip-transparent-expression-wrappers': [ '7.29.7' ],
52 silly audit   '@babel/helper-split-export-declaration': [ '7.24.7' ],
52 silly audit   '@babel/helper-string-parser': [ '7.29.7' ],
52 silly audit   '@babel/helper-validator-identifier': [ '7.29.7' ],
52 silly audit   '@babel/helper-validator-option': [ '7.29.7' ],
52 silly audit   '@babel/helper-wrap-function': [ '7.29.7' ],
52 silly audit   '@babel/helpers': [ '7.29.7' ],
52 silly audit   '@babel/parser': [ '7.29.7' ],
52 silly audit   '@babel/plugin-bugfix-firefox-class-in-computed-class-key': [ '7.29.7' ],
52 silly audit   '@babel/plugin-bugfix-safari-class-field-initializer-scope': [ '7.29.7' ],
52 silly audit   '@babel/plugin-bugfix-safari-id-destructuring-collision-in-function-expression': [ '7.29.7' ],
52 silly audit   '@babel/plugin-bugfix-v8-spread-parameters-in-optional-chaining': [ '7.29.7' ],
52 silly audit   '@babel/plugin-bugfix-v8-static-class-fields-redefine-readonly': [ '7.29.7' ],
52 silly audit   '@babel/plugin-proposal-private-property-in-object': [ '7.21.0-placeholder-for-preset-env.2' ],
52 silly audit   '@babel/plugin-syntax-import-assertions': [ '7.29.7' ],
52 silly audit   '@babel/plugin-syntax-import-attributes': [ '7.24.7', '7.29.7' ],
52 silly audit   '@babel/plugin-syntax-unicode-sets-regex': [ '7.18.6' ],
52 silly audit   '@babel/plugin-transform-arrow-functions': [ '7.29.7' ],
52 silly audit   '@babel/plugin-transform-async-generator-functions': [ '7.26.8' ],
52 silly audit   '@babel/plugin-transform-async-to-generator': [ '7.25.9' ],
52 silly audit   '@babel/plugin-transform-block-scoped-functions': [ '7.29.7' ],
52 silly audit   '@babel/plugin-transform-block-scoping': [ '7.29.7' ],
52 silly audit   '@babel/plugin-transform-class-properties': [ '7.29.7' ],
52 silly audit   '@babel/plugin-transform-class-static-block': [ '7.29.7' ],
52 silly audit   '@babel/plugin-transform-classes': [ '7.29.7' ],
52 silly audit   '@babel/plugin-transform-computed-properties': [ '7.29.7' ],
52 silly audit   '@babel/plugin-transform-destructuring': [ '7.29.7' ],
52 silly audit   '@babel/plugin-transform-dotall-regex': [ '7.29.7' ],
52 silly audit   '@babel/plugin-transform-duplicate-keys': [ '7.29.7' ],
52 silly audit   '@babel/plugin-transform-duplicate-named-capturing-groups-regex': [ '7.29.7' ],
52 silly audit   '@babel/plugin-transform-dynamic-import': [ '7.29.7' ],
52 silly audit   '@babel/plugin-transform-exponentiation-operator': [ '7.29.7' ],
52 silly audit   '@babel/plugin-transform-export-namespace-from': [ '7.29.7' ],
52 silly audit   '@babel/plugin-transform-for-of': [ '7.29.7' ],
52 silly audit   '@babel/plugin-transform-function-name': [ '7.29.7' ],
52 silly audit   '@babel/plugin-transform-json-strings': [ '7.29.7' ],
52 silly audit   '@babel/plugin-transform-literals': [ '7.29.7' ],
52 silly audit   '@babel/plugin-transform-logical-assignment-operators': [ '7.29.7' ],
52 silly audit   '@babel/plugin-transform-member-expression-literals': [ '7.29.7' ],
52 silly audit   '@babel/plugin-transform-modules-amd': [ '7.29.7' ],
52 silly audit   '@babel/plugin-transform-modules-commonjs': [ '7.29.7' ],
52 silly audit   '@babel/plugin-transform-modules-systemjs': [ '7.29.7' ],
52 silly audit   '@babel/plugin-transform-modules-umd': [ '7.29.7' ],
52 silly audit   '@babel/plugin-transform-named-capturing-groups-regex': [ '7.29.7' ],
52 silly audit   '@babel/plugin-transform-new-target': [ '7.29.7' ],
52 silly audit   '@babel/plugin-transform-nullish-coalescing-operator': [ '7.29.7' ],
52 silly audit   '@babel/plugin-transform-numeric-separator': [ '7.29.7' ],
52 silly audit   '@babel/plugin-transform-object-rest-spread': [ '7.29.7' ],
52 silly audit   '@babel/plugin-transform-object-super': [ '7.29.7' ],
52 silly audit   '@babel/plugin-transform-optional-catch-binding': [ '7.29.7' ],
52 silly audit   '@babel/plugin-transform-optional-chaining': [ '7.29.7' ],
52 silly audit   '@babel/plugin-transform-parameters': [ '7.29.7' ],
52 silly audit   '@babel/plugin-transform-private-methods': [ '7.29.7' ],
52 silly audit   '@babel/plugin-transform-private-property-in-object': [ '7.29.7' ],
52 silly audit   '@babel/plugin-transform-property-literals': [ '7.29.7' ],
52 silly audit   '@babel/plugin-transform-regenerator': [ '7.29.7' ],
52 silly audit   '@babel/plugin-transform-regexp-modifiers': [ '7.29.7' ],
52 silly audit   '@babel/plugin-transform-reserved-words': [ '7.29.7' ],
52 silly audit   '@babel/plugin-transform-runtime': [ '7.26.10' ],
52 silly audit   '@babel/plugin-transform-shorthand-properties': [ '7.29.7' ],
52 silly audit   '@babel/plugin-transform-spread': [ '7.29.7' ],
52 silly audit   '@babel/plugin-transform-sticky-regex': [ '7.29.7' ],
52 silly audit   '@babel/plugin-transform-template-literals': [ '7.29.7' ],
52 silly audit   '@babel/plugin-transform-typeof-symbol': [ '7.29.7' ],
52 silly audit   '@babel/plugin-transform-unicode-escapes': [ '7.29.7' ],
52 silly audit   '@babel/plugin-transform-unicode-property-regex': [ '7.29.7' ],
52 silly audit   '@babel/plugin-transform-unicode-regex': [ '7.29.7' ],
52 silly audit   '@babel/plugin-transform-unicode-sets-regex': [ '7.29.7' ],
52 silly audit   '@babel/preset-env': [ '7.26.9' ],
52 silly audit   '@babel/preset-modules': [ '0.1.6-no-external-plugins' ],
52 silly audit   '@babel/runtime': [ '7.26.10' ],
52 silly audit   '@babel/template': [ '7.29.7' ],
52 silly audit   '@babel/traverse': [ '7.29.7' ],
52 silly audit   '@babel/types': [ '7.29.7' ],
52 silly audit   '@discoveryjs/json-ext': [ '0.6.1' ],
52 silly audit   '@esbuild/aix-ppc64': [ '0.23.0', '0.21.5' ],
52 silly audit   '@esbuild/android-arm': [ '0.23.0', '0.21.5' ],
52 silly audit   '@esbuild/android-arm64': [ '0.23.0', '0.21.5' ],
52 silly audit   '@esbuild/android-x64': [ '0.23.0', '0.21.5' ],
52 silly audit   '@esbuild/darwin-arm64': [ '0.23.0', '0.21.5' ],
52 silly audit   '@esbuild/darwin-x64': [ '0.23.0', '0.21.5' ],
52 silly audit   '@esbuild/freebsd-arm64': [ '0.23.0', '0.21.5' ],
52 silly audit   '@esbuild/freebsd-x64': [ '0.23.0', '0.21.5' ],
52 silly audit   '@esbuild/linux-arm': [ '0.23.0', '0.21.5' ],
52 silly audit   '@esbuild/linux-arm64': [ '0.23.0', '0.21.5' ],
52 silly audit   '@esbuild/linux-ia32': [ '0.23.0', '0.21.5' ],
52 silly audit   '@esbuild/linux-loong64': [ '0.23.0', '0.21.5' ],
52 silly audit   '@esbuild/linux-mips64el': [ '0.23.0', '0.21.5' ],
52 silly audit   '@esbuild/linux-ppc64': [ '0.23.0', '0.21.5' ],
52 silly audit   '@esbuild/linux-riscv64': [ '0.23.0', '0.21.5' ],
52 silly audit   '@esbuild/linux-s390x': [ '0.23.0', '0.21.5' ],
52 silly audit   '@esbuild/linux-x64': [ '0.23.0', '0.21.5' ],
52 silly audit   '@esbuild/netbsd-x64': [ '0.23.0', '0.21.5' ],
52 silly audit   '@esbuild/openbsd-arm64': [ '0.23.0' ],
52 silly audit   '@esbuild/openbsd-x64': [ '0.23.0', '0.21.5' ],
52 silly audit   '@esbuild/sunos-x64': [ '0.23.0', '0.21.5' ],
52 silly audit   '@esbuild/win32-arm64': [ '0.23.0', '0.21.5' ],
52 silly audit   '@esbuild/win32-ia32': [ '0.23.0', '0.21.5' ],
52 silly audit   '@esbuild/win32-x64': [ '0.23.0', '0.21.5' ],
52 silly audit   '@inquirer/checkbox': [ '2.5.0' ],
52 silly audit   '@inquirer/confirm': [ '3.1.22' ],
52 silly audit   '@inquirer/core': [ '9.2.1' ],
52 silly audit   '@inquirer/type': [ '2.0.0', '1.5.5' ],
52 silly audit   '@types/node': [ '22.19.19', '20.19.41' ],
52 silly audit   '@inquirer/editor': [ '2.2.0' ],
52 silly audit   '@inquirer/expand': [ '2.3.0' ],
52 silly audit   '@inquirer/figures': [ '1.0.15' ],
52 silly audit   '@inquirer/input': [ '2.3.0' ],
52 silly audit   '@inquirer/number': [ '1.1.0' ],
52 silly audit   '@inquirer/password': [ '2.2.0' ],
52 silly audit   '@inquirer/prompts': [ '5.3.8' ],
52 silly audit   '@inquirer/rawlist': [ '2.3.0' ],
52 silly audit   '@inquirer/search': [ '1.1.0' ],
52 silly audit   '@inquirer/select': [ '2.5.0' ],
52 silly audit   '@isaacs/cliui': [ '8.0.2' ],
52 silly audit   'ansi-regex': [ '6.2.2', '5.0.1' ],
52 silly audit   'ansi-styles': [ '6.2.3', '4.3.0' ],
52 silly audit   'emoji-regex': [ '9.2.2', '8.0.0', '10.6.0' ],
52 silly audit   'string-width': [ '5.1.2', '4.2.3', '7.2.0' ],
52 silly audit   'strip-ansi': [ '7.2.0', '6.0.1' ],
52 silly audit   'wrap-ansi': [ '8.1.0', '7.0.0', '9.0.2', '6.2.0' ],
52 silly audit   '@istanbuljs/schema': [ '0.1.6' ],
52 silly audit   '@jridgewell/gen-mapping': [ '0.3.13' ],
52 silly audit   '@jridgewell/resolve-uri': [ '3.1.2' ],
52 silly audit   '@jridgewell/source-map': [ '0.3.11' ],
52 silly audit   '@jridgewell/sourcemap-codec': [ '1.5.5' ],
52 silly audit   '@jridgewell/trace-mapping': [ '0.3.31' ],
52 silly audit   '@jsonjoy.com/base64': [ '1.1.2', '17.67.0' ],
52 silly audit   '@jsonjoy.com/buffers': [ '17.67.0', '1.2.1' ],
52 silly audit   '@jsonjoy.com/codegen': [ '1.0.0', '17.67.0' ],
52 silly audit   '@jsonjoy.com/fs-core': [ '4.57.6' ],
52 silly audit   '@jsonjoy.com/fs-fsa': [ '4.57.6' ],
52 silly audit   '@jsonjoy.com/fs-node': [ '4.57.6' ],
52 silly audit   '@jsonjoy.com/fs-node-builtins': [ '4.57.6' ],
52 silly audit   '@jsonjoy.com/fs-node-to-fsa': [ '4.57.6' ],
52 silly audit   '@jsonjoy.com/fs-node-utils': [ '4.57.6' ],
52 silly audit   '@jsonjoy.com/fs-print': [ '4.57.6' ],
52 silly audit   '@jsonjoy.com/fs-snapshot': [ '4.57.6' ],
52 silly audit   '@jsonjoy.com/json-pack': [ '17.67.0', '1.21.0' ],
52 silly audit   '@jsonjoy.com/json-pointer': [ '17.67.0', '1.0.2' ],
52 silly audit   '@jsonjoy.com/util': [ '17.67.0', '1.9.0' ],
52 silly audit   '@leichtgewicht/ip-codec': [ '2.0.5' ],
52 silly audit   '@listr2/prompt-adapter-inquirer': [ '2.0.15' ],
52 silly audit   '@lmdb/lmdb-darwin-arm64': [ '3.0.13' ],
52 silly audit   '@lmdb/lmdb-darwin-x64': [ '3.0.13' ],
52 silly audit   '@lmdb/lmdb-linux-arm': [ '3.0.13' ],
52 silly audit   '@lmdb/lmdb-linux-arm64': [ '3.0.13' ],
52 silly audit   '@lmdb/lmdb-linux-x64': [ '3.0.13' ],
52 silly audit   '@lmdb/lmdb-win32-x64': [ '3.0.13' ],
52 silly audit   '@msgpackr-extract/msgpackr-extract-darwin-arm64': [ '3.0.4' ],
52 silly audit   '@msgpackr-extract/msgpackr-extract-darwin-x64': [ '3.0.4' ],
52 silly audit   '@msgpackr-extract/msgpackr-extract-linux-arm': [ '3.0.4' ],
52 silly audit   '@msgpackr-extract/msgpackr-extract-linux-arm64': [ '3.0.4' ],
52 silly audit   '@msgpackr-extract/msgpackr-extract-linux-x64': [ '3.0.4' ],
52 silly audit   '@msgpackr-extract/msgpackr-extract-win32-x64': [ '3.0.4' ],
52 silly audit   '@ngtools/webpack': [ '18.2.21' ],
52 silly audit   '@nodelib/fs.scandir': [ '2.1.5' ],
52 silly audit   '@nodelib/fs.stat': [ '2.0.5' ],
52 silly audit   '@nodelib/fs.walk': [ '1.2.8' ],
52 silly audit   '@npmcli/agent': [ '2.2.2' ],
52 silly audit   'lru-cache': [ '10.4.3', '5.1.1' ],
52 silly audit   '@npmcli/fs': [ '3.1.1' ],
52 silly audit   '@npmcli/git': [ '5.0.8' ],
52 silly audit   '@npmcli/installed-package-contents': [ '2.1.0' ],
52 silly audit   '@npmcli/node-gyp': [ '3.0.0' ],
52 silly audit   '@npmcli/package-json': [ '5.2.1' ],
52 silly audit   '@npmcli/promise-spawn': [ '7.0.2' ],
52 silly audit   '@npmcli/redact': [ '2.0.1' ],
52 silly audit   '@npmcli/run-script': [ '8.1.0' ],
52 silly audit   '@pkgjs/parseargs': [ '0.11.0' ],
52 silly audit   '@rollup/rollup-android-arm-eabi': [ '4.22.4' ],
52 silly audit   '@rollup/rollup-android-arm64': [ '4.22.4' ],
52 silly audit   '@rollup/rollup-darwin-arm64': [ '4.22.4' ],
52 silly audit   '@rollup/rollup-darwin-x64': [ '4.22.4' ],
52 silly audit   '@rollup/rollup-linux-arm-gnueabihf': [ '4.22.4' ],
52 silly audit   '@rollup/rollup-linux-arm-musleabihf': [ '4.22.4' ],
52 silly audit   '@rollup/rollup-linux-arm64-gnu': [ '4.22.4' ],
52 silly audit   '@rollup/rollup-linux-arm64-musl': [ '4.22.4' ],
52 silly audit   '@rollup/rollup-linux-powerpc64le-gnu': [ '4.22.4' ],
52 silly audit   '@rollup/rollup-linux-riscv64-gnu': [ '4.22.4' ],
52 silly audit   '@rollup/rollup-linux-s390x-gnu': [ '4.22.4' ],
52 silly audit   '@rollup/rollup-linux-x64-gnu': [ '4.22.4' ],
52 silly audit   '@rollup/rollup-linux-x64-musl': [ '4.22.4' ],
52 silly audit   '@rollup/rollup-win32-arm64-msvc': [ '4.22.4' ],
52 silly audit   '@rollup/rollup-win32-ia32-msvc': [ '4.22.4' ],
52 silly audit   '@rollup/rollup-win32-x64-msvc': [ '4.22.4' ],
52 silly audit   '@schematics/angular': [ '18.2.21' ],
52 silly audit   '@sigstore/bundle': [ '2.3.2' ],
52 silly audit   '@sigstore/core': [ '1.1.0' ],
52 silly audit   '@sigstore/protobuf-specs': [ '0.3.3' ],
52 silly audit   '@sigstore/sign': [ '2.3.2' ],
52 silly audit   '@sigstore/tuf': [ '2.3.4' ],
52 silly audit   '@sigstore/verify': [ '1.2.1' ],
52 silly audit   '@sindresorhus/merge-streams': [ '2.3.0' ],
52 silly audit   '@tufjs/canonical-json': [ '2.0.0' ],
52 silly audit   '@tufjs/models': [ '2.0.1' ],
52 silly audit   '@types/body-parser': [ '1.19.6' ],
52 silly audit   '@types/bonjour': [ '3.5.13' ],
52 silly audit   '@types/connect': [ '3.4.38' ],
52 silly audit   '@types/connect-history-api-fallback': [ '1.5.4' ],
52 silly audit   '@types/estree': [ '1.0.5' ],
52 silly audit   '@types/express': [ '4.17.25' ],
52 silly audit   '@types/express-serve-static-core': [ '4.19.8' ],
52 silly audit   '@types/http-errors': [ '2.0.5' ],
52 silly audit   '@types/http-proxy': [ '1.17.17' ],
52 silly audit   '@types/json-schema': [ '7.0.15' ],
52 silly audit   '@types/mime': [ '1.3.5' ],
52 silly audit   '@types/mute-stream': [ '0.0.4' ],
52 silly audit   '@types/node-forge': [ '1.3.14' ],
52 silly audit   '@types/qs': [ '6.15.1' ],
52 silly audit   '@types/range-parser': [ '1.2.7' ],
52 silly audit   '@types/retry': [ '0.12.2' ],
52 silly audit   '@types/send': [ '1.2.1', '0.17.6' ],
52 silly audit   '@types/serve-index': [ '1.9.4' ],
52 silly audit   '@types/serve-static': [ '1.15.10' ],
52 silly audit   '@types/sockjs': [ '0.3.36' ],
52 silly audit   '@types/wrap-ansi': [ '3.0.0' ],
52 silly audit   '@types/ws': [ '8.18.1' ],
52 silly audit   '@vitejs/plugin-basic-ssl': [ '1.1.0' ],
52 silly audit   '@webassemblyjs/ast': [ '1.14.1' ],
52 silly audit   '@webassemblyjs/floating-point-hex-parser': [ '1.13.2' ],
52 silly audit   '@webassemblyjs/helper-api-error': [ '1.13.2' ],
52 silly audit   '@webassemblyjs/helper-buffer': [ '1.14.1' ],
52 silly audit   '@webassemblyjs/helper-numbers': [ '1.13.2' ],
52 silly audit   '@webassemblyjs/helper-wasm-bytecode': [ '1.13.2' ],
52 silly audit   '@webassemblyjs/helper-wasm-section': [ '1.14.1' ],
52 silly audit   '@webassemblyjs/ieee754': [ '1.13.2' ],
52 silly audit   '@webassemblyjs/leb128': [ '1.13.2' ],
52 silly audit   '@webassemblyjs/utf8': [ '1.13.2' ],
52 silly audit   '@webassemblyjs/wasm-edit': [ '1.14.1' ],
52 silly audit   '@webassemblyjs/wasm-gen': [ '1.14.1' ],
52 silly audit   '@webassemblyjs/wasm-opt': [ '1.14.1' ],
52 silly audit   '@webassemblyjs/wasm-parser': [ '1.14.1' ],
52 silly audit   '@webassemblyjs/wast-printer': [ '1.14.1' ],
52 silly audit   '@xtuc/ieee754': [ '1.2.0' ],
52 silly audit   '@xtuc/long': [ '4.2.2' ],
52 silly audit   '@yarnpkg/lockfile': [ '1.1.0' ],
52 silly audit   abbrev: [ '2.0.0' ],
52 silly audit   accepts: [ '1.3.8' ],
52 silly audit   negotiator: [ '0.6.3', '0.6.4' ],
52 silly audit   acorn: [ '8.16.0' ],
52 silly audit   'acorn-import-attributes': [ '1.9.5' ],
52 silly audit   'adjust-sourcemap-loader': [ '4.0.0' ],
52 silly audit   'loader-utils': [ '2.0.4', '3.3.1' ],
52 silly audit   'adler-32': [ '1.3.1' ],
52 silly audit   'agent-base': [ '7.1.4' ],
52 silly audit   'aggregate-error': [ '3.1.0' ],
52 silly audit   ajv: [ '8.17.1', '6.15.0' ],
52 silly audit   'ajv-formats': [ '3.0.1', '2.1.1' ],
52 silly audit   'ajv-keywords': [ '5.1.0', '3.5.2' ],
52 silly audit   'ansi-colors': [ '4.1.3' ],
52 silly audit   'ansi-escapes': [ '4.3.2', '7.3.0' ],
52 silly audit   'ansi-html-community': [ '0.0.8' ],
52 silly audit   anymatch: [ '3.1.3' ],
52 silly audit   picomatch: [ '2.3.2', '4.0.2' ],
52 silly audit   argparse: [ '2.0.1' ],
52 silly audit   'array-flatten': [ '1.1.1' ],
52 silly audit   autoprefixer: [ '10.4.20' ],
52 silly audit   'babel-loader': [ '9.1.3' ],
52 silly audit   'babel-plugin-polyfill-corejs2': [ '0.4.17' ],
52 silly audit   'babel-plugin-polyfill-corejs3': [ '0.11.1' ],
52 silly audit   'babel-plugin-polyfill-regenerator': [ '0.6.8' ],
52 silly audit   'balanced-match': [ '1.0.2' ],
52 silly audit   'base64-js': [ '1.5.1' ],
52 silly audit   'baseline-browser-mapping': [ '2.10.33' ],
52 silly audit   batch: [ '0.6.1' ],
52 silly audit   'big.js': [ '5.2.2' ],
52 silly audit   'binary-extensions': [ '2.3.0' ],
52 silly audit   bl: [ '4.1.0' ],
52 silly audit   'body-parser': [ '1.20.5' ],
52 silly audit   debug: [ '2.6.9', '4.4.3' ],
52 silly audit   ms: [ '2.0.0', '2.1.3' ],
52 silly audit   'bonjour-service': [ '1.4.0' ],
52 silly audit   boolbase: [ '1.0.0' ],
52 silly audit   'brace-expansion': [ '2.1.1' ],
52 silly audit   braces: [ '3.0.3' ],
52 silly audit   browserslist: [ '4.28.2' ],
52 silly audit   buffer: [ '5.7.1' ],
52 silly audit   'buffer-from': [ '1.1.2' ],
52 silly audit   'bundle-name': [ '4.1.0' ],
52 silly audit   bytes: [ '3.1.2' ],
52 silly audit   cacache: [ '18.0.4' ],
52 silly audit   'call-bind-apply-helpers': [ '1.0.2' ],
52 silly audit   'call-bound': [ '1.0.4' ],
52 silly audit   callsites: [ '3.1.0' ],
52 silly audit   'caniuse-lite': [ '1.0.30001793' ],
52 silly audit   cfb: [ '1.2.2' ],
52 silly audit   chalk: [ '4.1.2' ],
52 silly audit   chardet: [ '0.7.0' ],
52 silly audit   chokidar: [ '3.6.0', '4.0.3' ],
52 silly audit   chownr: [ '2.0.0' ],
52 silly audit   'chrome-trace-event': [ '1.0.4' ],
52 silly audit   'clean-stack': [ '2.2.0' ],
52 silly audit   'cli-cursor': [ '5.0.0', '3.1.0' ],
52 silly audit   'cli-spinners': [ '2.9.2' ],
52 silly audit   'cli-truncate': [ '4.0.0' ],
52 silly audit   'cli-width': [ '4.1.0' ],
52 silly audit   cliui: [ '8.0.1' ],
52 silly audit   'is-fullwidth-code-point': [ '3.0.0', '4.0.0', '5.1.0' ],
52 silly audit   clone: [ '1.0.4' ],
52 silly audit   'clone-deep': [ '4.0.1' ],
52 silly audit   'is-plain-object': [ '2.0.4', '5.0.0' ],
52 silly audit   codepage: [ '1.15.0' ],
52 silly audit   'color-convert': [ '2.0.1' ],
52 silly audit   'color-name': [ '1.1.4' ],
52 silly audit   colorette: [ '2.0.20' ],
52 silly audit   commander: [ '2.20.3' ],
52 silly audit   'common-path-prefix': [ '3.0.0' ],
52 silly audit   compressible: [ '2.0.18' ],
52 silly audit   compression: [ '1.8.1' ],
52 silly audit   'connect-history-api-fallback': [ '2.0.0' ],
52 silly audit   'content-disposition': [ '0.5.4' ],
52 silly audit   'content-type': [ '1.0.5' ],
52 silly audit   cookie: [ '0.7.2' ],
52 silly audit   'cookie-signature': [ '1.0.7' ],
52 silly audit   'copy-anything': [ '2.0.6' ],
52 silly audit   'copy-webpack-plugin': [ '12.0.2' ],
52 silly audit   'core-js-compat': [ '3.49.0' ],
52 silly audit   'core-util-is': [ '1.0.3' ],
52 silly audit   cosmiconfig: [ '9.0.1' ],
52 silly audit   'crc-32': [ '1.2.2' ],
52 silly audit   critters: [ '0.0.24' ],
52 silly audit   'cross-spawn': [ '7.0.6' ],
52 silly audit   isexe: [ '2.0.0', '3.1.5' ],
52 silly audit   which: [ '2.0.2', '4.0.0' ],
52 silly audit   'css-loader': [ '7.1.2' ],
52 silly audit   'css-select': [ '5.2.2' ],
52 silly audit   'css-what': [ '6.2.2' ],
52 silly audit   cssesc: [ '3.0.0' ],
52 silly audit   'default-browser': [ '5.5.0' ],
52 silly audit   'default-browser-id': [ '5.0.1' ],
52 silly audit   defaults: [ '1.0.4' ],
52 silly audit   'define-lazy-prop': [ '3.0.0' ],
52 silly audit   depd: [ '2.0.0', '1.1.2' ],
52 silly audit   destroy: [ '1.2.0' ],
52 silly audit   'detect-libc': [ '2.1.2' ],
52 silly audit   'detect-node': [ '2.1.0' ],
52 silly audit   'dns-packet': [ '5.6.1' ],
52 silly audit   'dom-serializer': [ '2.0.0' ],
52 silly audit   domelementtype: [ '2.3.0' ],
52 silly audit   domhandler: [ '5.0.3' ],
52 silly audit   domutils: [ '3.2.2' ],
52 silly audit   'dunder-proto': [ '1.0.1' ],
52 silly audit   eastasianwidth: [ '0.2.0' ],
52 silly audit   echarts: [ '5.6.0' ],
52 silly audit   'ee-first': [ '1.1.1' ],
52 silly audit   'electron-to-chromium': [ '1.5.367' ],
52 silly audit   'emojis-list': [ '3.0.0' ],
52 silly audit   encodeurl: [ '2.0.0' ],
52 silly audit   encoding: [ '0.1.13' ],
52 silly audit   'iconv-lite': [ '0.6.3', '0.4.24' ],
52 silly audit   'enhanced-resolve': [ '5.22.2' ],
52 silly audit   entities: [ '4.5.0', '6.0.1' ],
52 silly audit   'env-paths': [ '2.2.1' ],
52 silly audit   environment: [ '1.1.0' ],
52 silly audit   'err-code': [ '2.0.3' ],
52 silly audit   errno: [ '0.1.8' ],
52 silly audit   'error-ex': [ '1.3.4' ],
52 silly audit   'es-define-property': [ '1.0.1' ],
52 silly audit   'es-errors': [ '1.3.0' ],
52 silly audit   'es-module-lexer': [ '1.7.0' ],
52 silly audit   'es-object-atoms': [ '1.1.2' ],
52 silly audit   esbuild: [ '0.23.0', '0.21.5' ],
52 silly audit   'esbuild-wasm': [ '0.23.0' ],
52 silly audit   escalade: [ '3.2.0' ],
52 silly audit   'escape-html': [ '1.0.3' ],
52 silly audit   'eslint-scope': [ '5.1.1' ],
52 silly audit   esrecurse: [ '4.3.0' ],
52 silly audit   estraverse: [ '5.3.0', '4.3.0' ],
52 silly audit   esutils: [ '2.0.3' ],
52 silly audit   etag: [ '1.8.1' ],
52 silly audit   eventemitter3: [ '4.0.7', '5.0.4' ],
52 silly audit   events: [ '3.3.0' ],
52 silly audit   'exponential-backoff': [ '3.1.3' ],
52 silly audit   express: [ '4.22.2' ],
52 silly audit   'external-editor': [ '3.1.0' ],
52 silly audit   'fast-deep-equal': [ '3.1.3' ],
52 silly audit   'fast-glob': [ '3.3.2', '3.3.3' ],
52 silly audit   'glob-parent': [ '5.1.2', '6.0.2' ],
52 silly audit   'fast-json-stable-stringify': [ '2.1.0' ],
52 silly audit   'fast-uri': [ '3.1.2' ],
52 silly audit   fastq: [ '1.20.1' ],
52 silly audit   'faye-websocket': [ '0.11.4' ],
52 silly audit   'fill-range': [ '7.1.1' ],
52 silly audit   finalhandler: [ '1.3.2' ],
52 silly audit   'find-cache-dir': [ '4.0.0' ],
52 silly audit   'find-up': [ '6.3.0' ],
52 silly audit   flat: [ '5.0.2' ],
52 silly audit   'follow-redirects': [ '1.16.0' ],
52 silly audit   'foreground-child': [ '3.3.1' ],
52 silly audit   forwarded: [ '0.2.0' ],
52 silly audit   frac: [ '1.1.2' ],
52 silly audit   'fraction.js': [ '4.3.7' ],
52 silly audit   fresh: [ '0.5.2' ],
52 silly audit   'fs-minipass': [ '3.0.3', '2.1.0' ],
52 silly audit   fsevents: [ '2.3.3' ],
52 silly audit   'function-bind': [ '1.1.2' ],
52 silly audit   gensync: [ '1.0.0-beta.2' ],
52 silly audit   'get-caller-file': [ '2.0.5' ],
52 silly audit   'get-east-asian-width': [ '1.6.0' ],
52 silly audit   'get-intrinsic': [ '1.3.0' ],
52 silly audit   'get-proto': [ '1.0.1' ],
52 silly audit   glob: [ '10.5.0' ],
52 silly audit   'glob-to-regex.js': [ '1.2.0' ],
52 silly audit   'glob-to-regexp': [ '0.4.1' ],
52 silly audit   globby: [ '14.1.0' ],
52 silly audit   gopd: [ '1.2.0' ],
52 silly audit   'graceful-fs': [ '4.2.11' ],
52 silly audit   'handle-thing': [ '2.0.1' ],
52 silly audit   'has-flag': [ '4.0.0' ],
52 silly audit   'has-symbols': [ '1.1.0' ],
52 silly audit   hasown: [ '2.0.4' ],
52 silly audit   'hosted-git-info': [ '7.0.2' ],
52 silly audit   'hpack.js': [ '2.1.6' ],
52 silly audit   'readable-stream': [ '2.3.8', '3.6.2' ],
52 silly audit   'safe-buffer': [ '5.1.2', '5.2.1' ],
52 silly audit   string_decoder: [ '1.1.1', '1.3.0' ],
52 silly audit   htmlparser2: [ '8.0.2' ],
52 silly audit   'http-cache-semantics': [ '4.2.0' ],
52 silly audit   'http-deceiver': [ '1.2.7' ],
52 silly audit   'http-errors': [ '2.0.1', '1.8.1' ],
52 silly audit   'http-parser-js': [ '0.5.10' ],
52 silly audit   'http-proxy': [ '1.18.1' ],
52 silly audit   'http-proxy-agent': [ '7.0.2' ],
52 silly audit   'http-proxy-middleware': [ '3.0.5', '2.0.9' ],
52 silly audit   'https-proxy-agent': [ '7.0.5' ],
52 silly audit   hyperdyperid: [ '1.2.0' ],
52 silly audit   'icss-utils': [ '5.1.0' ],
52 silly audit   ieee754: [ '1.2.1' ],
52 silly audit   ignore: [ '7.0.5' ],
52 silly audit   'ignore-walk': [ '6.0.5' ],
52 silly audit   'image-size': [ '0.5.5' ],
52 silly audit   immutable: [ '4.3.8' ],
52 silly audit   'import-fresh': [ '3.3.1' ],
52 silly audit   imurmurhash: [ '0.1.4' ],
52 silly audit   'indent-string': [ '4.0.0' ],
52 silly audit   inherits: [ '2.0.4' ],
52 silly audit   ini: [ '4.1.3' ],
52 silly audit   'ip-address': [ '10.2.0' ],
52 silly audit   'ipaddr.js': [ '2.4.0', '1.9.1' ],
52 silly audit   'is-arrayish': [ '0.2.1' ],
52 silly audit   'is-binary-path': [ '2.1.0' ],
52 silly audit   'is-core-module': [ '2.16.2' ],
52 silly audit   'is-docker': [ '3.0.0' ],
52 silly audit   'is-extglob': [ '2.1.1' ],
52 silly audit   'is-glob': [ '4.0.3' ],
52 silly audit   'is-inside-container': [ '1.0.0' ],
52 silly audit   'is-interactive': [ '1.0.0' ],
52 silly audit   'is-lambda': [ '1.0.1' ],
52 silly audit   'is-network-error': [ '1.3.2' ],
52 silly audit   'is-number': [ '7.0.0' ],
52 silly audit   'is-plain-obj': [ '3.0.0' ],
52 silly audit   'is-unicode-supported': [ '0.1.0' ],
52 silly audit   'is-what': [ '3.14.1' ],
52 silly audit   'is-wsl': [ '3.1.1' ],
52 silly audit   isarray: [ '1.0.0' ],
52 silly audit   isobject: [ '3.0.1' ],
52 silly audit   'istanbul-lib-coverage': [ '3.2.2' ],
52 silly audit   'istanbul-lib-instrument': [ '6.0.3' ],
52 silly audit   jackspeak: [ '3.4.3' ],
52 silly audit   'jest-worker': [ '27.5.1' ],
52 silly audit   'supports-color': [ '8.1.1', '7.2.0' ],
52 silly audit   jiti: [ '1.21.7' ],
52 silly audit   'js-tokens': [ '4.0.0' ],
52 silly audit   'js-yaml': [ '4.2.0' ],
52 silly audit   jsesc: [ '3.1.0' ],
52 silly audit   'json-parse-even-better-errors': [ '3.0.2', '2.3.1' ],
52 silly audit   'json-schema-traverse': [ '1.0.0', '0.4.1' ],
52 silly audit   json5: [ '2.2.3' ],
52 silly audit   'jsonc-parser': [ '3.3.1' ],
52 silly audit   jsonparse: [ '1.3.1' ],
52 silly audit   'karma-source-map-support': [ '1.4.0' ],
52 silly audit   'kind-of': [ '6.0.3' ],
52 silly audit   'launch-editor': [ '2.14.1' ],
52 silly audit   less: [ '4.2.0' ],
52 silly audit   'less-loader': [ '12.2.0' ],
52 silly audit   'source-map': [ '0.6.1', '0.7.4' ],
52 silly audit   'license-webpack-plugin': [ '4.0.2' ],
52 silly audit   'lines-and-columns': [ '1.2.4' ],
52 silly audit   listr2: [ '8.2.4' ],
52 silly audit   lmdb: [ '3.0.13' ],
52 silly audit   'loader-runner': [ '4.3.2' ],
52 silly audit   'locate-path': [ '7.2.0' ],
52 silly audit   'lodash.debounce': [ '4.0.8' ],
52 silly audit   'log-symbols': [ '4.1.0' ],
52 silly audit   'log-update': [ '6.1.0' ],
52 silly audit   'slice-ansi': [ '7.1.2', '5.0.0' ],
52 silly audit   'magic-string': [ '0.30.11' ],
52 silly audit   'make-dir': [ '2.1.0' ],
52 silly audit   'make-fetch-happen': [ '13.0.1' ],
52 silly audit   'math-intrinsics': [ '1.1.0' ],
52 silly audit   'media-typer': [ '0.3.0' ],
52 silly audit   memfs: [ '4.57.6' ],
52 silly audit   'merge-descriptors': [ '1.0.3' ],
52 silly audit   'merge-stream': [ '2.0.0' ],
52 silly audit   merge2: [ '1.4.1' ],
52 silly audit   methods: [ '1.1.2' ],
52 silly audit   micromatch: [ '4.0.8' ],
52 silly audit   mime: [ '1.6.0' ],
52 silly audit   'mime-db': [ '1.52.0' ],
52 silly audit   'mime-types': [ '2.1.35' ],
52 silly audit   'mimic-fn': [ '2.1.0' ],
52 silly audit   'mimic-function': [ '5.0.1' ],
52 silly audit   'mini-css-extract-plugin': [ '2.9.0' ],
52 silly audit   'minimalistic-assert': [ '1.0.1' ],
52 silly audit   minimatch: [ '9.0.9' ],
52 silly audit   minipass: [ '7.1.3', '3.3.6', '5.0.0' ],
52 silly audit   'minipass-collect': [ '2.0.1' ],
52 silly audit   'minipass-fetch': [ '3.0.5' ],
52 silly audit   'minipass-flush': [ '1.0.7' ],
52 silly audit   yallist: [ '4.0.0', '3.1.1' ],
52 silly audit   'minipass-pipeline': [ '1.2.4' ],
52 silly audit   'minipass-sized': [ '1.0.3' ],
52 silly audit   minizlib: [ '2.1.2' ],
52 silly audit   mkdirp: [ '1.0.4' ],
52 silly audit   mrmime: [ '2.0.0' ],
52 silly audit   msgpackr: [ '1.11.12' ],
52 silly audit   'msgpackr-extract': [ '3.0.4' ],
52 silly audit   'multicast-dns': [ '7.2.5' ],
52 silly audit   'mute-stream': [ '1.0.0' ],
52 silly audit   nanoid: [ '3.3.12' ],
52 silly audit   needle: [ '3.5.0' ],
52 silly audit   'neo-async': [ '2.6.2' ],
52 silly audit   'nice-napi': [ '1.0.2' ],
52 silly audit   'node-addon-api': [ '3.2.1', '6.1.0' ],
52 silly audit   'node-forge': [ '1.4.0' ],
52 silly audit   'node-gyp': [ '10.3.1' ],
52 silly audit   'node-gyp-build': [ '4.8.4' ],
52 silly audit   'node-gyp-build-optional-packages': [ '5.2.2' ],
52 silly audit   'node-releases': [ '2.0.47' ],
52 silly audit   nopt: [ '7.2.1' ],
52 silly audit   'normalize-package-data': [ '6.0.2' ],
52 silly audit   'normalize-path': [ '3.0.0' ],
52 silly audit   'normalize-range': [ '0.1.2' ],
52 silly audit   'npm-bundled': [ '3.0.1' ],
52 silly audit   'npm-install-checks': [ '6.3.0' ],
52 silly audit   'npm-normalize-package-bin': [ '3.0.1' ],
52 silly audit   'npm-package-arg': [ '11.0.3' ],
52 silly audit   'npm-packlist': [ '8.0.2' ],
52 silly audit   'npm-pick-manifest': [ '9.1.0' ],
52 silly audit   'npm-registry-fetch': [ '17.1.0' ],
52 silly audit   'nth-check': [ '2.1.1' ],
52 silly audit   'object-inspect': [ '1.13.4' ],
52 silly audit   obuf: [ '1.1.2' ],
52 silly audit   'on-finished': [ '2.4.1' ],
52 silly audit   'on-headers': [ '1.1.0' ],
52 silly audit   onetime: [ '7.0.0', '5.1.2' ],
52 silly audit   open: [ '10.1.0' ],
52 silly audit   ora: [ '5.4.1' ],
52 silly audit   'restore-cursor': [ '3.1.0', '5.1.0' ],
52 silly audit   'signal-exit': [ '3.0.7', '4.1.0' ],
52 silly audit   'ordered-binary': [ '1.6.1' ],
52 silly audit   'os-tmpdir': [ '1.0.2' ],
52 silly audit   'p-limit': [ '4.0.0' ],
52 silly audit   'p-locate': [ '6.0.0' ],
52 silly audit   'p-map': [ '4.0.0' ],
52 silly audit   'p-retry': [ '6.2.1' ],
52 silly audit   retry: [ '0.13.1', '0.12.0' ],
52 silly audit   'package-json-from-dist': [ '1.0.1' ],
52 silly audit   pacote: [ '18.0.6' ],
52 silly audit   'parent-module': [ '1.0.1' ],
52 silly audit   'parse-json': [ '5.2.0' ],
52 silly audit   'parse-node-version': [ '1.0.1' ],
52 silly audit   parse5: [ '7.3.0' ],
52 silly audit   'parse5-html-rewriting-stream': [ '7.0.0' ],
52 silly audit   'parse5-sax-parser': [ '7.0.0' ],
52 silly audit   parseurl: [ '1.3.3' ],
52 silly audit   'path-exists': [ '5.0.0' ],
52 silly audit   'path-key': [ '3.1.1' ],
52 silly audit   'path-parse': [ '1.0.7' ],
52 silly audit   'path-scurry': [ '1.11.1' ],
52 silly audit   'path-to-regexp': [ '0.1.13' ],
52 silly audit   'path-type': [ '6.0.0' ],
52 silly audit   picocolors: [ '1.1.1' ],
52 silly audit   pify: [ '4.0.1' ],
52 silly audit   piscina: [ '4.6.1' ],
52 silly audit   'pkg-dir': [ '7.0.0' ],
52 silly audit   postcss: [ '8.4.41', '8.5.15' ],
52 silly audit   'postcss-loader': [ '8.1.1' ],
52 silly audit   'postcss-media-query-parser': [ '0.2.3' ],
52 silly audit   'postcss-modules-extract-imports': [ '3.1.0' ],
52 silly audit   'postcss-modules-local-by-default': [ '4.2.0' ],
52 silly audit   'postcss-modules-scope': [ '3.2.1' ],
52 silly audit   'postcss-modules-values': [ '4.0.0' ],
52 silly audit   'postcss-selector-parser': [ '7.1.1' ],
52 silly audit   'postcss-value-parser': [ '4.2.0' ],
52 silly audit   'proc-log': [ '4.2.0' ],
52 silly audit   'process-nextick-args': [ '2.0.1' ],
52 silly audit   'promise-inflight': [ '1.0.1' ],
52 silly audit   'promise-retry': [ '2.0.1' ],
52 silly audit   'proxy-addr': [ '2.0.7' ],
52 silly audit   prr: [ '1.0.1' ],
52 silly audit   punycode: [ '2.3.1' ],
52 silly audit   qs: [ '6.15.2' ],
52 silly audit   'queue-microtask': [ '1.2.3' ],
52 silly audit   randombytes: [ '2.1.0' ],
52 silly audit   'range-parser': [ '1.2.1' ],
52 silly audit   'raw-body': [ '2.5.3' ],
52 silly audit   'reflect-metadata': [ '0.2.2' ],
52 silly audit   regenerate: [ '1.4.2' ],
52 silly audit   'regenerate-unicode-properties': [ '10.2.2' ],
52 silly audit   'regenerator-runtime': [ '0.14.1' ],
52 silly audit   'regex-parser': [ '2.3.1' ],
52 silly audit   'regexpu-core': [ '6.4.0' ],
52 silly audit   regjsgen: [ '0.8.0' ],
52 silly audit   regjsparser: [ '0.13.1' ],
52 silly audit   'require-directory': [ '2.1.1' ],
52 silly audit   'require-from-string': [ '2.0.2' ],
52 silly audit   'requires-port': [ '1.0.0' ],
52 silly audit   'resolve-from': [ '4.0.0' ],
52 silly audit   'resolve-url-loader': [ '5.0.0' ],
52 silly audit   reusify: [ '1.1.0' ],
52 silly audit   rfdc: [ '1.4.1' ],
52 silly audit   rollup: [ '4.22.4' ],
52 silly audit   'run-applescript': [ '7.1.0' ],
52 silly audit   'run-parallel': [ '1.2.0' ],
52 silly audit   'safer-buffer': [ '2.1.2' ],
52 silly audit   sass: [ '1.77.6' ],
52 silly audit   'sass-loader': [ '16.0.0' ],
52 silly audit   sax: [ '1.6.0' ],
52 silly audit   'schema-utils': [ '4.3.3', '3.3.0' ],
52 silly audit   'select-hose': [ '2.0.0' ],
52 silly audit   selfsigned: [ '2.4.1' ],
52 silly audit   send: [ '0.19.2' ],
52 silly audit   'serialize-javascript': [ '6.0.2' ],
52 silly audit   'serve-index': [ '1.9.2' ],
52 silly audit   statuses: [ '1.5.0', '2.0.2' ],
52 silly audit   'serve-static': [ '1.16.3' ],
52 silly audit   setprototypeof: [ '1.2.0' ],
52 silly audit   'shallow-clone': [ '3.0.1' ],
52 silly audit   'shebang-command': [ '2.0.0' ],
52 silly audit   'shebang-regex': [ '3.0.0' ],
52 silly audit   'shell-quote': [ '1.8.4' ],
52 silly audit   'side-channel': [ '1.1.0' ],
52 silly audit   'side-channel-list': [ '1.0.1' ],
52 silly audit   'side-channel-map': [ '1.0.1' ],
52 silly audit   'side-channel-weakmap': [ '1.0.2' ],
52 silly audit   sigstore: [ '2.3.1' ],
52 silly audit   slash: [ '5.1.0' ],
52 silly audit   'smart-buffer': [ '4.2.0' ],
52 silly audit   sockjs: [ '0.3.24' ],
52 silly audit   socks: [ '2.8.9' ],
52 silly audit   'socks-proxy-agent': [ '8.0.5' ],
52 silly audit   'source-map-js': [ '1.2.1' ],
52 silly audit   'source-map-loader': [ '5.0.0' ],
52 silly audit   'source-map-support': [ '0.5.21' ],
52 silly audit   'spdx-correct': [ '3.2.0' ],
52 silly audit   'spdx-exceptions': [ '2.5.0' ],
52 silly audit   'spdx-expression-parse': [ '3.0.1' ],
52 silly audit   'spdx-license-ids': [ '3.0.23' ],
52 silly audit   spdy: [ '4.0.2' ],
52 silly audit   'spdy-transport': [ '3.0.0' ],
52 silly audit   ssf: [ '0.11.2' ],
52 silly audit   ssri: [ '10.0.6' ],
52 silly audit   'supports-preserve-symlinks-flag': [ '1.0.0' ],
52 silly audit   'symbol-observable': [ '4.0.0' ],
52 silly audit   tapable: [ '2.3.3' ],
52 silly audit   tar: [ '6.2.1' ],
52 silly audit   terser: [ '5.31.6' ],
52 silly audit   'terser-webpack-plugin': [ '5.6.1' ],
52 silly audit   thingies: [ '2.6.0' ],
52 silly audit   thunky: [ '1.1.0' ],
52 silly audit   tmp: [ '0.0.33' ],
52 silly audit   'to-regex-range': [ '5.0.1' ],
52 silly audit   toidentifier: [ '1.0.1' ],
52 silly audit   'tree-dump': [ '1.1.0' ],
52 silly audit   'tree-kill': [ '1.2.2' ],
52 silly audit   'tuf-js': [ '2.2.1' ],
52 silly audit   'type-fest': [ '0.21.3' ],
52 silly audit   'type-is': [ '1.6.18' ],
52 silly audit   'typed-assert': [ '1.0.9' ],
52 silly audit   typescript: [ '5.4.5' ],
52 silly audit   'undici-types': [ '6.21.0' ],
52 silly audit   'unicode-canonical-property-names-ecmascript': [ '2.0.1' ],
52 silly audit   'unicode-match-property-ecmascript': [ '2.0.0' ],
52 silly audit   'unicode-match-property-value-ecmascript': [ '2.2.1' ],
52 silly audit   'unicode-property-aliases-ecmascript': [ '2.2.0' ],
52 silly audit   'unicorn-magic': [ '0.3.0' ],
52 silly audit   'unique-filename': [ '3.0.0' ],
52 silly audit   'unique-slug': [ '4.0.0' ],
52 silly audit   unpipe: [ '1.0.0' ],
52 silly audit   'update-browserslist-db': [ '1.2.3' ],
52 silly audit   'uri-js': [ '4.4.1' ],
52 silly audit   'util-deprecate': [ '1.0.2' ],
52 silly audit   'utils-merge': [ '1.0.1' ],
52 silly audit   uuid: [ '8.3.2' ],
52 silly audit   'validate-npm-package-license': [ '3.0.4' ],
52 silly audit   'validate-npm-package-name': [ '5.0.1' ],
52 silly audit   vary: [ '1.1.2' ],
52 silly audit   vite: [ '5.4.21' ],
52 silly audit   watchpack: [ '2.4.1' ],
52 silly audit   wbuf: [ '1.7.3' ],
52 silly audit   wcwidth: [ '1.0.1' ],
52 silly audit   'weak-lru-cache': [ '1.2.2' ],
52 silly audit   webpack: [ '5.94.0' ],
52 silly audit   'webpack-dev-middleware': [ '7.4.2' ],
52 silly audit   'webpack-dev-server': [ '5.2.2' ],
52 silly audit   'webpack-merge': [ '6.0.1' ],
52 silly audit   'webpack-sources': [ '3.5.0' ],
52 silly audit   'webpack-subresource-integrity': [ '5.1.0' ],
52 silly audit   'websocket-driver': [ '0.7.4' ],
52 silly audit   'websocket-extensions': [ '0.1.4' ],
52 silly audit   wildcard: [ '2.0.1' ],
52 silly audit   wmf: [ '1.0.2' ],
52 silly audit   word: [ '0.3.0' ],
52 silly audit   ws: [ '8.21.0' ],
52 silly audit   xlsx: [ '0.18.5' ],
52 silly audit   y18n: [ '5.0.8' ],
52 silly audit   yargs: [ '17.7.2' ],
52 silly audit   'yargs-parser': [ '21.1.1' ],
52 silly audit   'yocto-queue': [ '1.2.2' ],
52 silly audit   'yoctocolors-cjs': [ '2.1.3' ],
52 silly audit   'zone.js': [ '0.14.10' ],
52 silly audit   zrender: [ '5.6.1' ],
52 silly audit   readdirp: [ '3.6.0', '4.1.2' ]
52 silly audit }
53 http cache chokidar@https://registry.npmjs.org/chokidar/-/chokidar-3.6.0.tgz 0ms (cache hit)
54 http cache glob-parent@https://registry.npmjs.org/glob-parent/-/glob-parent-5.1.2.tgz 0ms (cache hit)
55 http cache picomatch@https://registry.npmjs.org/picomatch/-/picomatch-2.3.2.tgz 0ms (cache hit)
56 http cache readdirp@https://registry.npmjs.org/readdirp/-/readdirp-3.6.0.tgz 0ms (cache hit)
57 http cache chokidar@https://registry.npmjs.org/chokidar/-/chokidar-4.0.3.tgz 0ms (cache hit)
58 http cache readdirp@https://registry.npmjs.org/readdirp/-/readdirp-4.1.2.tgz 0ms (cache hit)
59 http fetch POST 200 https://registry.npmjs.org/-/npm/v1/security/advisories/bulk 337ms
60 silly audit report {
60 silly audit report   '@angular/common': [
60 silly audit report     {
60 silly audit report       id: 1111063,
60 silly audit report       url: 'https://github.com/advisories/GHSA-58c5-g7wp-6w37',
60 silly audit report       title: 'Angular is Vulnerable to XSRF Token Leakage via Protocol-Relative URLs in Angular HTTP Client',
60 silly audit report       severity: 'high',
60 silly audit report       vulnerable_versions: '<19.2.16',
60 silly audit report       cwe: [Array],
60 silly audit report       cvss: [Object]
60 silly audit report     }
60 silly audit report   ],
60 silly audit report   '@angular/compiler': [
60 silly audit report     {
60 silly audit report       id: 1111180,
60 silly audit report       url: 'https://github.com/advisories/GHSA-v4hv-rgfq-gp49',
60 silly audit report       title: 'Angular Stored XSS Vulnerability via SVG Animation, SVG URL and MathML Attributes',
60 silly audit report       severity: 'high',
60 silly audit report       vulnerable_versions: '<=18.2.14',
60 silly audit report       cwe: [Array],
60 silly audit report       cvss: [Object]
60 silly audit report     },
60 silly audit report     {
60 silly audit report       id: 1112156,
60 silly audit report       url: 'https://github.com/advisories/GHSA-jrmj-c5cx-3cw6',
60 silly audit report       title: 'Angular has XSS Vulnerability via Unsanitized SVG Script Attributes',
60 silly audit report       severity: 'high',
60 silly audit report       vulnerable_versions: '<=18.2.14',
60 silly audit report       cwe: [Array],
60 silly audit report       cvss: [Object]
60 silly audit report     },
60 silly audit report     {
60 silly audit report       id: 1117732,
60 silly audit report       url: 'https://github.com/advisories/GHSA-g93w-mfhg-p222',
60 silly audit report       title: 'Angular vulnerable to XSS in i18n attribute bindings',
60 silly audit report       severity: 'high',
60 silly audit report       vulnerable_versions: '>=17.0.0-next.0 <=18.2.14',
60 silly audit report       cwe: [Array],
60 silly audit report       cvss: [Object]
60 silly audit report     }
60 silly audit report   ],
60 silly audit report   '@angular/core': [
60 silly audit report     {
60 silly audit report       id: 1112155,
60 silly audit report       url: 'https://github.com/advisories/GHSA-jrmj-c5cx-3cw6',
60 silly audit report       title: 'Angular has XSS Vulnerability via Unsanitized SVG Script Attributes',
60 silly audit report       severity: 'high',
60 silly audit report       vulnerable_versions: '<=18.2.14',
60 silly audit report       cwe: [Array],
60 silly audit report       cvss: [Object]
60 silly audit report     },
60 silly audit report     {
60 silly audit report       id: 1113587,
60 silly audit report       url: 'https://github.com/advisories/GHSA-prjf-86w9-mfqv',
60 silly audit report       title: 'Angular i18n vulnerable to Cross-Site Scripting',
60 silly audit report       severity: 'high',
60 silly audit report       vulnerable_versions: '<=18.2.14',
60 silly audit report       cwe: [Array],
60 silly audit report       cvss: [Object]
60 silly audit report     },
60 silly audit report     {
60 silly audit report       id: 1117734,
60 silly audit report       url: 'https://github.com/advisories/GHSA-g93w-mfhg-p222',
60 silly audit report       title: 'Angular vulnerable to XSS in i18n attribute bindings',
60 silly audit report       severity: 'high',
60 silly audit report       vulnerable_versions: '>=17.0.0-next.0 <=18.2.14',
60 silly audit report       cwe: [Array],
60 silly audit report       cvss: [Object]
60 silly audit report     }
60 silly audit report   ],
60 silly audit report   ajv: [
60 silly audit report     {
60 silly audit report       id: 1113715,
60 silly audit report       url: 'https://github.com/advisories/GHSA-2g4f-4pwh-qvx6',
60 silly audit report       title: 'ajv has ReDoS when using `$data` option',
60 silly audit report       severity: 'moderate',
60 silly audit report       vulnerable_versions: '>=7.0.0-alpha.0 <8.18.0',
60 silly audit report       cwe: [Array],
60 silly audit report       cvss: [Object]
60 silly audit report     }
60 silly audit report   ],
60 silly audit report   picomatch: [
60 silly audit report     {
60 silly audit report       id: 1115551,
60 silly audit report       url: 'https://github.com/advisories/GHSA-3v7f-55p6-f55p',
60 silly audit report       title: 'Picomatch: Method Injection in POSIX Character Classes causes incorrect Glob Matching',
60 silly audit report       severity: 'moderate',
60 silly audit report       vulnerable_versions: '>=4.0.0 <4.0.4',
60 silly audit report       cwe: [Array],
60 silly audit report       cvss: [Object]
60 silly audit report     },
60 silly audit report     {
60 silly audit report       id: 1115554,
60 silly audit report       url: 'https://github.com/advisories/GHSA-c2c7-rcm5-vvqj',
60 silly audit report       title: 'Picomatch has a ReDoS vulnerability via extglob quantifiers',
60 silly audit report       severity: 'high',
60 silly audit report       vulnerable_versions: '>=4.0.0 <4.0.4',
60 silly audit report       cwe: [Array],
60 silly audit report       cvss: [Object]
60 silly audit report     }
60 silly audit report   ],
60 silly audit report   esbuild: [
60 silly audit report     {
60 silly audit report       id: 1102341,
60 silly audit report       url: 'https://github.com/advisories/GHSA-67mh-4wv8-2f99',
60 silly audit report       title: 'esbuild enables any website to send any requests to the development server and read the response',
60 silly audit report       severity: 'moderate',
60 silly audit report       vulnerable_versions: '<=0.24.2',
60 silly audit report       cwe: [Array],
60 silly audit report       cvss: [Object]
60 silly audit report     }
60 silly audit report   ],
60 silly audit report   postcss: [
60 silly audit report     {
60 silly audit report       id: 1117015,
60 silly audit report       url: 'https://github.com/advisories/GHSA-qx2v-qp2m-jg93',
60 silly audit report       title: 'PostCSS has XSS via Unescaped </style> in its CSS Stringify Output',
60 silly audit report       severity: 'moderate',
60 silly audit report       vulnerable_versions: '<8.5.10',
60 silly audit report       cwe: [Array],
60 silly audit report       cvss: [Object]
60 silly audit report     }
60 silly audit report   ],
60 silly audit report   rollup: [
60 silly audit report     {
60 silly audit report       id: 1113515,
60 silly audit report       url: 'https://github.com/advisories/GHSA-mw96-cpmx-2vgc',
60 silly audit report       title: 'Rollup 4 has Arbitrary File Write via Path Traversal',
60 silly audit report       severity: 'high',
60 silly audit report       vulnerable_versions: '>=4.0.0 <4.59.0',
60 silly audit report       cwe: [Array],
60 silly audit report       cvss: [Object]
60 silly audit report     }
60 silly audit report   ],
60 silly audit report   'serialize-javascript': [
60 silly audit report     {
60 silly audit report       id: 1119440,
60 silly audit report       url: 'https://github.com/advisories/GHSA-qj8w-gfj5-8c6v',
60 silly audit report       title: 'Serialize JavaScript has CPU Exhaustion Denial of Service via crafted array-like objects',
60 silly audit report       severity: 'moderate',
60 silly audit report       vulnerable_versions: '>=5.0.0 <7.0.5',
60 silly audit report       cwe: [Array],
60 silly audit report       cvss: [Object]
60 silly audit report     },
60 silly audit report     {
60 silly audit report       id: 1113686,
60 silly audit report       url: 'https://github.com/advisories/GHSA-5c6j-r48x-rmvq',
60 silly audit report       title: 'Serialize JavaScript is Vulnerable to RCE via RegExp.flags and Date.prototype.toISOString()',
60 silly audit report       severity: 'high',
60 silly audit report       vulnerable_versions: '<=7.0.2',
60 silly audit report       cwe: [Array],
60 silly audit report       cvss: [Object]
60 silly audit report     }
60 silly audit report   ],
60 silly audit report   tar: [
60 silly audit report     {
60 silly audit report       id: 1112659,
60 silly audit report       url: 'https://github.com/advisories/GHSA-34x7-hfp2-rc4v',
60 silly audit report       title: 'node-tar Vulnerable to Arbitrary File Creation/Overwrite via Hardlink Path Traversal',
60 silly audit report       severity: 'high',
60 silly audit report       vulnerable_versions: '<7.5.7',
60 silly audit report       cwe: [Array],
60 silly audit report       cvss: [Object]
60 silly audit report     },
60 silly audit report     {
60 silly audit report       id: 1113300,
60 silly audit report       url: 'https://github.com/advisories/GHSA-8qq5-rm4j-mr97',
60 silly audit report       title: 'node-tar is Vulnerable to Arbitrary File Overwrite and Symlink Poisoning via Insufficient Path Sanitization',
60 silly audit report       severity: 'high',
60 silly audit report       vulnerable_versions: '<=7.5.2',
60 silly audit report       cwe: [Array],
60 silly audit report       cvss: [Object]
60 silly audit report     },
60 silly audit report     {
60 silly audit report       id: 1113375,
60 silly audit report       url: 'https://github.com/advisories/GHSA-83g3-92jg-28cx',
60 silly audit report       title: 'Arbitrary File Read/Write via Hardlink Target Escape Through Symlink Chain in node-tar Extraction',
60 silly audit report       severity: 'high',
60 silly audit report       vulnerable_versions: '<7.5.8',
60 silly audit report       cwe: [Array],
60 silly audit report       cvss: [Object]
60 silly audit report     },
60 silly audit report     {
60 silly audit report       id: 1114200,
60 silly audit report       url: 'https://github.com/advisories/GHSA-qffp-2rhf-9h96',
60 silly audit report       title: 'tar has Hardlink Path Traversal via Drive-Relative Linkpath',
60 silly audit report       severity: 'high',
60 silly audit report       vulnerable_versions: '<=7.5.9',
60 silly audit report       cwe: [Array],
60 silly audit report       cvss: [Object]
60 silly audit report     },
60 silly audit report     {
60 silly audit report       id: 1114302,
60 silly audit report       url: 'https://github.com/advisories/GHSA-9ppj-qmqm-q256',
60 silly audit report       title: 'node-tar Symlink Path Traversal via Drive-Relative Linkpath',
60 silly audit report       severity: 'high',
60 silly audit report       vulnerable_versions: '<=7.5.10',
60 silly audit report       cwe: [Array],
60 silly audit report       cvss: [Object]
60 silly audit report     },
60 silly audit report     {
60 silly audit report       id: 1114680,
60 silly audit report       url: 'https://github.com/advisories/GHSA-r6q2-hw4h-h46w',
60 silly audit report       title: 'Race Condition in node-tar Path Reservations via Unicode Ligature Collisions on macOS APFS',
60 silly audit report       severity: 'high',
60 silly audit report       vulnerable_versions: '<=7.5.3',
60 silly audit report       cwe: [Array],
60 silly audit report       cvss: [Object]
60 silly audit report     }
60 silly audit report   ],
60 silly audit report   tmp: [
60 silly audit report     {
60 silly audit report       id: 1109537,
60 silly audit report       url: 'https://github.com/advisories/GHSA-52f5-9888-hmc6',
60 silly audit report       title: 'tmp allows arbitrary temporary file / directory write via symbolic link `dir` parameter',
60 silly audit report       severity: 'low',
60 silly audit report       vulnerable_versions: '<=0.2.3',
60 silly audit report       cwe: [Array],
60 silly audit report       cvss: [Object]
60 silly audit report     },
60 silly audit report     {
60 silly audit report       id: 1119610,
60 silly audit report       url: 'https://github.com/advisories/GHSA-ph9p-34f9-6g65',
60 silly audit report       title: 'tmp has Path Traversal via unsanitized prefix/postfix that enables directory escape',
60 silly audit report       severity: 'high',
60 silly audit report       vulnerable_versions: '<0.2.6',
60 silly audit report       cwe: [Array],
60 silly audit report       cvss: [Object]
60 silly audit report     }
60 silly audit report   ],
60 silly audit report   uuid: [
60 silly audit report     {
60 silly audit report       id: 1119441,
60 silly audit report       url: 'https://github.com/advisories/GHSA-w5hq-g745-h8pq',
60 silly audit report       title: 'uuid: Missing buffer bounds check in v3/v5/v6 when buf is provided',
60 silly audit report       severity: 'moderate',
60 silly audit report       vulnerable_versions: '<11.1.1',
60 silly audit report       cwe: [Array],
60 silly audit report       cvss: [Object]
60 silly audit report     }
60 silly audit report   ],
60 silly audit report   vite: [
60 silly audit report     {
60 silly audit report       id: 1116229,
60 silly audit report       url: 'https://github.com/advisories/GHSA-4w7w-66w2-5vf9',
60 silly audit report       title: 'Vite Vulnerable to Path Traversal in Optimized Deps `.map` Handling',
60 silly audit report       severity: 'moderate',
60 silly audit report       vulnerable_versions: '<=6.4.1',
60 silly audit report       cwe: [Array],
60 silly audit report       cvss: [Object]
60 silly audit report     }
60 silly audit report   ],
60 silly audit report   webpack: [
60 silly audit report     {
60 silly audit report       id: 1113041,
60 silly audit report       url: 'https://github.com/advisories/GHSA-8fgc-7cc6-rx7x',
60 silly audit report       title: 'webpack buildHttp: allowedUris allow-list bypass via URL userinfo (@) leading to build-time SSRF behavior',
60 silly audit report       severity: 'low',
60 silly audit report       vulnerable_versions: '>=5.49.0 <=5.104.0',
60 silly audit report       cwe: [Array],
60 silly audit report       cvss: [Object]
60 silly audit report     },
60 silly audit report     {
60 silly audit report       id: 1113042,
60 silly audit report       url: 'https://github.com/advisories/GHSA-38r7-794h-5758',
60 silly audit report       title: 'webpack buildHttp HttpUriPlugin allowedUris bypass via HTTP redirects → SSRF + cache persistence',
60 silly audit report       severity: 'low',
60 silly audit report       vulnerable_versions: '>=5.49.0 <5.104.0',
60 silly audit report       cwe: [Array],
60 silly audit report       cvss: [Object]
60 silly audit report     }
60 silly audit report   ],
60 silly audit report   'webpack-dev-server': [
60 silly audit report     {
60 silly audit report       id: 1119074,
60 silly audit report       url: 'https://github.com/advisories/GHSA-79cf-xcqc-c78w',
60 silly audit report       title: 'webpack-dev-server vulnerable to cross-origin source code exposure on non-HTTPS origins',
60 silly audit report       severity: 'moderate',
60 silly audit report       vulnerable_versions: '<=5.2.3',
60 silly audit report       cwe: [Array],
60 silly audit report       cvss: [Object]
60 silly audit report     }
60 silly audit report   ],
60 silly audit report   xlsx: [
60 silly audit report     {
60 silly audit report       id: 1108110,
60 silly audit report       url: 'https://github.com/advisories/GHSA-4r6h-8v6p-xvw6',
60 silly audit report       title: 'Prototype Pollution in sheetJS',
60 silly audit report       severity: 'high',
60 silly audit report       vulnerable_versions: '<0.19.3',
60 silly audit report       cwe: [Array],
60 silly audit report       cvss: [Object]
60 silly audit report     },
60 silly audit report     {
60 silly audit report       id: 1108111,
60 silly audit report       url: 'https://github.com/advisories/GHSA-5pgg-2g8v-p4x9',
60 silly audit report       title: 'SheetJS Regular Expression Denial of Service (ReDoS)',
60 silly audit report       severity: 'high',
60 silly audit report       vulnerable_versions: '<0.20.2',
60 silly audit report       cwe: [Array],
60 silly audit report       cvss: [Object]
60 silly audit report     }
60 silly audit report   ]
60 silly audit report }
61 silly packumentCache corgi:https://registry.npmjs.org/@angular%2fcommon cache-miss
62 silly packumentCache corgi:https://registry.npmjs.org/@angular%2fcompiler cache-miss
63 silly packumentCache corgi:https://registry.npmjs.org/@angular%2fcore cache-miss
64 silly packumentCache corgi:https://registry.npmjs.org/ajv cache-miss
65 silly packumentCache corgi:https://registry.npmjs.org/picomatch cache-miss
66 silly packumentCache corgi:https://registry.npmjs.org/esbuild cache-miss
67 silly packumentCache corgi:https://registry.npmjs.org/postcss cache-miss
68 silly packumentCache corgi:https://registry.npmjs.org/rollup cache-miss
69 silly packumentCache corgi:https://registry.npmjs.org/serialize-javascript cache-miss
70 silly packumentCache corgi:https://registry.npmjs.org/tar cache-miss
71 silly packumentCache corgi:https://registry.npmjs.org/tmp cache-miss
72 silly packumentCache corgi:https://registry.npmjs.org/uuid cache-miss
73 silly packumentCache corgi:https://registry.npmjs.org/vite cache-miss
74 silly packumentCache corgi:https://registry.npmjs.org/webpack cache-miss
75 silly packumentCache corgi:https://registry.npmjs.org/webpack-dev-server cache-miss
76 silly packumentCache corgi:https://registry.npmjs.org/xlsx cache-miss
77 http fetch GET 200 https://registry.npmjs.org/picomatch 268ms (cache revalidated)
78 silly packumentCache corgi:https://registry.npmjs.org/picomatch set size:44414 disposed:false
79 http fetch GET 200 https://registry.npmjs.org/@angular%2fcommon 310ms (cache revalidated)
80 silly packumentCache corgi:https://registry.npmjs.org/@angular%2fcommon set size:1159828 disposed:false
81 http fetch GET 200 https://registry.npmjs.org/webpack-dev-server 533ms (cache revalidated)
82 silly packumentCache corgi:https://registry.npmjs.org/webpack-dev-server set size:461568 disposed:false
83 http fetch GET 200 https://registry.npmjs.org/rollup 1019ms (cache revalidated)
84 silly packumentCache corgi:https://registry.npmjs.org/rollup set size:2576909 disposed:false
85 http fetch GET 200 https://registry.npmjs.org/xlsx 1035ms (cache revalidated)
86 silly packumentCache corgi:https://registry.npmjs.org/xlsx set size:134408 disposed:false
87 http fetch GET 200 https://registry.npmjs.org/uuid 1038ms (cache revalidated)
88 silly packumentCache corgi:https://registry.npmjs.org/uuid set size:81812 disposed:false
89 http fetch GET 200 https://registry.npmjs.org/serialize-javascript 1040ms (cache revalidated)
90 silly packumentCache corgi:https://registry.npmjs.org/serialize-javascript set size:36142 disposed:false
91 http fetch GET 200 https://registry.npmjs.org/tar 1041ms (cache revalidated)
92 silly packumentCache corgi:https://registry.npmjs.org/tar set size:202125 disposed:false
93 http fetch GET 200 https://registry.npmjs.org/vite 1047ms (cache revalidated)
94 silly packumentCache corgi:https://registry.npmjs.org/vite set size:2261551 disposed:false
95 http fetch GET 200 https://registry.npmjs.org/ajv 1070ms (cache revalidated)
96 silly packumentCache corgi:https://registry.npmjs.org/ajv set size:467559 disposed:false
97 http fetch GET 200 https://registry.npmjs.org/tmp 1077ms (cache revalidated)
98 silly packumentCache corgi:https://registry.npmjs.org/tmp set size:25283 disposed:false
99 http fetch GET 200 https://registry.npmjs.org/@angular%2fcore 1082ms (cache revalidated)
100 silly packumentCache corgi:https://registry.npmjs.org/@angular%2fcore set size:1166349 disposed:false
101 http fetch GET 200 https://registry.npmjs.org/webpack 1094ms (cache revalidated)
102 silly packumentCache corgi:https://registry.npmjs.org/webpack set size:2021672 disposed:false
103 http fetch GET 200 https://registry.npmjs.org/postcss 1113ms (cache revalidated)
104 silly packumentCache corgi:https://registry.npmjs.org/postcss set size:344717 disposed:false
105 http fetch GET 200 https://registry.npmjs.org/esbuild 1267ms (cache revalidated)
106 silly packumentCache corgi:https://registry.npmjs.org/esbuild set size:885757 disposed:false
107 http fetch GET 200 https://registry.npmjs.org/@angular%2fcompiler 2456ms (cache revalidated)
108 silly packumentCache corgi:https://registry.npmjs.org/@angular%2fcompiler set size:1132371 disposed:false
109 silly packumentCache corgi:https://registry.npmjs.org/@angular%2fforms cache-miss
110 silly packumentCache corgi:https://registry.npmjs.org/@angular%2fplatform-browser cache-miss
111 silly packumentCache corgi:https://registry.npmjs.org/@angular%2fplatform-browser-dynamic cache-miss
112 silly packumentCache corgi:https://registry.npmjs.org/@angular%2frouter cache-miss
113 http fetch GET 200 https://registry.npmjs.org/@angular%2fforms 293ms (cache revalidated)
114 silly packumentCache corgi:https://registry.npmjs.org/@angular%2fforms set size:1223767 disposed:false
115 http fetch GET 200 https://registry.npmjs.org/@angular%2fplatform-browser-dynamic 301ms (cache revalidated)
116 silly packumentCache corgi:https://registry.npmjs.org/@angular%2fplatform-browser-dynamic set size:1300590 disposed:false
117 http fetch GET 200 https://registry.npmjs.org/@angular%2frouter 315ms (cache revalidated)
118 silly packumentCache corgi:https://registry.npmjs.org/@angular%2frouter set size:1254247 disposed:false
119 http fetch GET 200 https://registry.npmjs.org/@angular%2fplatform-browser 348ms (cache revalidated)
120 silly packumentCache corgi:https://registry.npmjs.org/@angular%2fplatform-browser set size:1272707 disposed:false
121 silly packumentCache corgi:https://registry.npmjs.org/@angular%2fcompiler-cli cache-miss
122 http fetch GET 200 https://registry.npmjs.org/@angular%2fcompiler-cli 280ms (cache revalidated)
123 silly packumentCache corgi:https://registry.npmjs.org/@angular%2fcompiler-cli set size:1520383 disposed:false
124 silly packumentCache corgi:https://registry.npmjs.org/@angular%2fanimations cache-miss
125 http fetch GET 200 https://registry.npmjs.org/@angular%2fanimations 310ms (cache revalidated)
126 silly packumentCache corgi:https://registry.npmjs.org/@angular%2fanimations set size:1119805 disposed:false
127 silly packumentCache corgi:https://registry.npmjs.org/@angular-devkit%2fcore cache-miss
128 silly packumentCache corgi:https://registry.npmjs.org/ajv-formats cache-miss
129 silly packumentCache corgi:https://registry.npmjs.org/ajv-keywords cache-miss
130 silly packumentCache corgi:https://registry.npmjs.org/schema-utils cache-miss
131 http fetch GET 200 https://registry.npmjs.org/ajv-keywords 255ms (cache revalidated)
132 silly packumentCache corgi:https://registry.npmjs.org/ajv-keywords set size:53509 disposed:false
133 http fetch GET 200 https://registry.npmjs.org/ajv-formats 257ms (cache revalidated)
134 silly packumentCache corgi:https://registry.npmjs.org/ajv-formats set size:63554 disposed:false
135 http fetch GET 200 https://registry.npmjs.org/@angular-devkit%2fcore 284ms (cache revalidated)
136 silly packumentCache corgi:https://registry.npmjs.org/@angular-devkit%2fcore set size:1271606 disposed:false
137 http fetch GET 200 https://registry.npmjs.org/schema-utils 448ms (cache revalidated)
138 silly packumentCache corgi:https://registry.npmjs.org/schema-utils set size:76871 disposed:false
139 silly packumentCache corgi:https://registry.npmjs.org/@angular-devkit%2fbuild-angular cache-miss
140 silly packumentCache corgi:https://registry.npmjs.org/@angular%2fbuild cache-miss
141 http fetch GET 200 https://registry.npmjs.org/@angular%2fbuild 302ms (cache revalidated)
142 silly packumentCache corgi:https://registry.npmjs.org/@angular%2fbuild set size:576134 disposed:false
143 http fetch GET 200 https://registry.npmjs.org/@angular-devkit%2fbuild-angular 316ms (cache revalidated)
144 silly packumentCache corgi:https://registry.npmjs.org/@angular-devkit%2fbuild-angular set size:3164132 disposed:false
145 silly packumentCache corgi:https://registry.npmjs.org/autoprefixer cache-miss
146 silly packumentCache corgi:https://registry.npmjs.org/critters cache-miss
147 silly packumentCache corgi:https://registry.npmjs.org/css-loader cache-miss
148 silly packumentCache corgi:https://registry.npmjs.org/icss-utils cache-miss
149 silly packumentCache corgi:https://registry.npmjs.org/postcss-loader cache-miss
150 silly packumentCache corgi:https://registry.npmjs.org/postcss-modules-extract-imports cache-miss
151 silly packumentCache corgi:https://registry.npmjs.org/postcss-modules-local-by-default cache-miss
152 silly packumentCache corgi:https://registry.npmjs.org/postcss-modules-scope cache-miss
153 silly packumentCache corgi:https://registry.npmjs.org/postcss-modules-values cache-miss
154 silly packumentCache corgi:https://registry.npmjs.org/resolve-url-loader cache-miss
155 http fetch GET 200 https://registry.npmjs.org/postcss-modules-scope 299ms (cache revalidated)
156 silly packumentCache corgi:https://registry.npmjs.org/postcss-modules-scope set size:31384 disposed:false
157 http fetch GET 200 https://registry.npmjs.org/postcss-loader 301ms (cache revalidated)
158 silly packumentCache corgi:https://registry.npmjs.org/postcss-loader set size:134258 disposed:false
159 http fetch GET 200 https://registry.npmjs.org/postcss-modules-extract-imports 303ms (cache revalidated)
160 silly packumentCache corgi:https://registry.npmjs.org/postcss-modules-extract-imports set size:20843 disposed:false
161 http fetch GET 200 https://registry.npmjs.org/postcss-modules-values 304ms (cache revalidated)
162 silly packumentCache corgi:https://registry.npmjs.org/postcss-modules-values set size:22165 disposed:false
163 http fetch GET 200 https://registry.npmjs.org/postcss-modules-local-by-default 306ms (cache revalidated)
164 silly packumentCache corgi:https://registry.npmjs.org/postcss-modules-local-by-default set size:48451 disposed:false
165 http fetch GET 200 https://registry.npmjs.org/css-loader 308ms (cache revalidated)
166 silly packumentCache corgi:https://registry.npmjs.org/css-loader set size:243401 disposed:false
167 http fetch GET 200 https://registry.npmjs.org/autoprefixer 311ms (cache revalidated)
168 silly packumentCache corgi:https://registry.npmjs.org/autoprefixer set size:298545 disposed:false
169 http fetch GET 200 https://registry.npmjs.org/icss-utils 317ms (cache revalidated)
170 silly packumentCache corgi:https://registry.npmjs.org/icss-utils set size:13079 disposed:false
171 http fetch GET 200 https://registry.npmjs.org/resolve-url-loader 315ms (cache revalidated)
172 silly packumentCache corgi:https://registry.npmjs.org/resolve-url-loader set size:61938 disposed:false
173 http fetch GET 200 https://registry.npmjs.org/critters 331ms (cache revalidated)
174 silly packumentCache corgi:https://registry.npmjs.org/critters set size:33877 disposed:false
175 silly packumentCache corgi:https://registry.npmjs.org/copy-webpack-plugin cache-miss
176 http fetch GET 200 https://registry.npmjs.org/copy-webpack-plugin 253ms (cache revalidated)
177 silly packumentCache corgi:https://registry.npmjs.org/copy-webpack-plugin set size:140312 disposed:false
178 silly packumentCache corgi:https://registry.npmjs.org/cacache cache-miss
179 silly packumentCache corgi:https://registry.npmjs.org/node-gyp cache-miss
180 silly packumentCache corgi:https://registry.npmjs.org/pacote cache-miss
181 http fetch GET 200 https://registry.npmjs.org/cacache 264ms (cache revalidated)
182 silly packumentCache corgi:https://registry.npmjs.org/cacache set size:157757 disposed:false
183 http fetch GET 200 https://registry.npmjs.org/pacote 267ms (cache revalidated)
184 silly packumentCache corgi:https://registry.npmjs.org/pacote set size:400151 disposed:false
185 http fetch GET 200 https://registry.npmjs.org/node-gyp 331ms (cache updated)
186 silly packumentCache corgi:https://registry.npmjs.org/node-gyp set size:undefined disposed:false
187 silly packumentCache corgi:https://registry.npmjs.org/external-editor cache-miss
188 http fetch GET 200 https://registry.npmjs.org/external-editor 265ms (cache revalidated)
189 silly packumentCache corgi:https://registry.npmjs.org/external-editor set size:17808 disposed:false
190 silly packumentCache corgi:https://registry.npmjs.org/sockjs cache-miss
191 http fetch GET 200 https://registry.npmjs.org/sockjs 263ms (cache revalidated)
192 silly packumentCache corgi:https://registry.npmjs.org/sockjs set size:25891 disposed:false
193 silly packumentCache corgi:https://registry.npmjs.org/@vitejs%2fplugin-basic-ssl cache-miss
194 http fetch GET 200 https://registry.npmjs.org/@vitejs%2fplugin-basic-ssl 268ms (cache revalidated)
195 silly packumentCache corgi:https://registry.npmjs.org/@vitejs%2fplugin-basic-ssl set size:18620 disposed:false
196 silly packumentCache corgi:https://registry.npmjs.org/@angular-devkit%2fbuild-webpack cache-miss
197 silly packumentCache corgi:https://registry.npmjs.org/@ngtools%2fwebpack cache-miss
198 silly packumentCache corgi:https://registry.npmjs.org/babel-loader cache-miss
199 silly packumentCache corgi:https://registry.npmjs.org/less-loader cache-miss
200 silly packumentCache corgi:https://registry.npmjs.org/mini-css-extract-plugin cache-miss
201 silly packumentCache corgi:https://registry.npmjs.org/sass-loader cache-miss
202 silly packumentCache corgi:https://registry.npmjs.org/source-map-loader cache-miss
203 silly packumentCache corgi:https://registry.npmjs.org/terser-webpack-plugin cache-miss
204 silly packumentCache corgi:https://registry.npmjs.org/webpack-dev-middleware cache-miss
205 silly packumentCache corgi:https://registry.npmjs.org/webpack-subresource-integrity cache-miss
206 http fetch GET 200 https://registry.npmjs.org/less-loader 265ms (cache revalidated)
207 silly packumentCache corgi:https://registry.npmjs.org/less-loader set size:99632 disposed:false
208 http fetch GET 200 https://registry.npmjs.org/source-map-loader 283ms (cache revalidated)
209 silly packumentCache corgi:https://registry.npmjs.org/source-map-loader set size:45783 disposed:false
210 http fetch GET 200 https://registry.npmjs.org/webpack-subresource-integrity 285ms (cache revalidated)
211 silly packumentCache corgi:https://registry.npmjs.org/webpack-subresource-integrity set size:93374 disposed:false
212 http fetch GET 200 https://registry.npmjs.org/webpack-dev-middleware 289ms (cache revalidated)
213 silly packumentCache corgi:https://registry.npmjs.org/webpack-dev-middleware set size:177615 disposed:false
214 http fetch GET 200 https://registry.npmjs.org/babel-loader 293ms (cache revalidated)
215 silly packumentCache corgi:https://registry.npmjs.org/babel-loader set size:114589 disposed:false
216 http fetch GET 200 https://registry.npmjs.org/mini-css-extract-plugin 299ms (cache revalidated)
217 silly packumentCache corgi:https://registry.npmjs.org/mini-css-extract-plugin set size:187667 disposed:false
218 http fetch GET 200 https://registry.npmjs.org/terser-webpack-plugin 300ms (cache revalidated)
219 silly packumentCache corgi:https://registry.npmjs.org/terser-webpack-plugin set size:213564 disposed:false
220 http fetch GET 200 https://registry.npmjs.org/sass-loader 304ms (cache revalidated)
221 silly packumentCache corgi:https://registry.npmjs.org/sass-loader set size:209428 disposed:false
222 http fetch GET 200 https://registry.npmjs.org/@angular-devkit%2fbuild-webpack 319ms (cache revalidated)
223 silly packumentCache corgi:https://registry.npmjs.org/@angular-devkit%2fbuild-webpack set size:1228870 disposed:false
224 http fetch GET 200 https://registry.npmjs.org/@ngtools%2fwebpack 330ms (cache revalidated)
225 silly packumentCache corgi:https://registry.npmjs.org/@ngtools%2fwebpack set size:1312456 disposed:false
226 silly packumentCache corgi:https://registry.npmjs.org/@angular-devkit%2farchitect cache-miss
227 silly packumentCache corgi:https://registry.npmjs.org/@angular-devkit%2fschematics cache-miss
228 silly packumentCache corgi:https://registry.npmjs.org/@angular%2fcli cache-miss
229 silly packumentCache corgi:https://registry.npmjs.org/@schematics%2fangular cache-miss
230 http fetch GET 200 https://registry.npmjs.org/@angular-devkit%2farchitect 782ms (cache revalidated)
231 silly packumentCache corgi:https://registry.npmjs.org/@angular-devkit%2farchitect set size:1165102 disposed:false
232 http fetch GET 200 https://registry.npmjs.org/@angular%2fcli 814ms (cache revalidated)
233 silly packumentCache corgi:https://registry.npmjs.org/@angular%2fcli set size:1793337 disposed:false
234 http fetch GET 200 https://registry.npmjs.org/@schematics%2fangular 852ms (cache revalidated)
235 silly packumentCache corgi:https://registry.npmjs.org/@schematics%2fangular set size:1233325 disposed:false
236 http fetch GET 200 https://registry.npmjs.org/@angular-devkit%2fschematics 1501ms (cache revalidated)
237 silly packumentCache corgi:https://registry.npmjs.org/@angular-devkit%2fschematics set size:1236293 disposed:false
238 silly packumentCache corgi:https://registry.npmjs.org/make-fetch-happen cache-miss
239 http fetch GET 200 https://registry.npmjs.org/make-fetch-happen 254ms (cache revalidated)
240 silly packumentCache corgi:https://registry.npmjs.org/make-fetch-happen set size:187959 disposed:false
241 silly packumentCache corgi:https://registry.npmjs.org/@npmcli%2frun-script cache-miss
242 http fetch GET 200 https://registry.npmjs.org/@npmcli%2frun-script 271ms (cache revalidated)
243 silly packumentCache corgi:https://registry.npmjs.org/@npmcli%2frun-script set size:99919 disposed:false
244 silly packumentCache corgi:https://registry.npmjs.org/@inquirer%2feditor cache-miss
245 http fetch GET 200 https://registry.npmjs.org/@inquirer%2feditor 274ms (cache revalidated)
246 silly packumentCache corgi:https://registry.npmjs.org/@inquirer%2feditor set size:110226 disposed:false
247 silly packumentCache corgi:https://registry.npmjs.org/@sigstore%2fsign cache-miss
248 silly packumentCache corgi:https://registry.npmjs.org/npm-registry-fetch cache-miss
249 silly packumentCache corgi:https://registry.npmjs.org/tuf-js cache-miss
250 http fetch GET 200 https://registry.npmjs.org/npm-registry-fetch 273ms (cache revalidated)
251 silly packumentCache corgi:https://registry.npmjs.org/npm-registry-fetch set size:135954 disposed:false
252 http fetch GET 200 https://registry.npmjs.org/tuf-js 279ms (cache revalidated)
253 silly packumentCache corgi:https://registry.npmjs.org/tuf-js set size:39981 disposed:false
254 http fetch GET 200 https://registry.npmjs.org/@sigstore%2fsign 291ms (cache revalidated)
255 silly packumentCache corgi:https://registry.npmjs.org/@sigstore%2fsign set size:17589 disposed:false
256 silly packumentCache corgi:https://registry.npmjs.org/@inquirer%2fprompts cache-miss
257 http fetch GET 200 https://registry.npmjs.org/@inquirer%2fprompts 263ms (cache revalidated)
258 silly packumentCache corgi:https://registry.npmjs.org/@inquirer%2fprompts set size:107183 disposed:false
259 silly packumentCache corgi:https://registry.npmjs.org/@sigstore%2ftuf cache-miss
260 http fetch GET 200 https://registry.npmjs.org/@sigstore%2ftuf 282ms (cache revalidated)
261 silly packumentCache corgi:https://registry.npmjs.org/@sigstore%2ftuf set size:17241 disposed:false
262 silly packumentCache corgi:https://registry.npmjs.org/sigstore cache-miss
263 http fetch GET 200 https://registry.npmjs.org/sigstore 278ms (cache revalidated)
264 silly packumentCache corgi:https://registry.npmjs.org/sigstore set size:64609 disposed:false
265 silly packumentCache corgi:https://registry.npmjs.org/@listr2%2fprompt-adapter-inquirer cache-miss
266 http fetch GET 200 https://registry.npmjs.org/@listr2%2fprompt-adapter-inquirer 320ms (cache revalidated)
267 silly packumentCache corgi:https://registry.npmjs.org/@listr2%2fprompt-adapter-inquirer set size:36298 disposed:false
268 silly REMOVE node_modules/webpack-dev-server/node_modules/readdirp
269 silly REMOVE node_modules/webpack-dev-server/node_modules/picomatch
270 silly REMOVE node_modules/webpack-dev-server/node_modules/glob-parent
271 silly REMOVE node_modules/webpack-dev-server/node_modules/chokidar
272 silly REMOVE node_modules/sass/node_modules/readdirp
273 silly REMOVE node_modules/sass/node_modules/picomatch
274 silly REMOVE node_modules/sass/node_modules/glob-parent
275 silly REMOVE node_modules/sass/node_modules/chokidar
276 silly CHANGE node_modules/readdirp
277 silly ADD node_modules/readdirp/node_modules/picomatch
278 silly CHANGE node_modules/chokidar
279 silly ADD node_modules/chokidar/node_modules/glob-parent
280 silly ADD node_modules/@angular/compiler-cli/node_modules/readdirp
281 silly ADD node_modules/@angular/compiler-cli/node_modules/chokidar
282 verbose cwd D:\wzf\data-visualization-platform\frontend
283 verbose os Windows_NT 10.0.26200
284 verbose node v24.12.0
285 verbose npm  v11.6.2
286 verbose exit 0
287 info ok
